<?xml version="1.0" encoding="UTF-8"?>
<!-- Generated by org.testng.reporters.JUnitReportReporter -->
<testsuite hostname="INLEN8520074572" failures="0" tests="1" name="testrunner.Ex_04_Excel_TestRunner" time="19.816" errors="0" timestamp="2023-06-08T11:41:13 IST" skipped="0">
  <testcase classname="testrunner.Ex_04_Excel_TestRunner" name="runScenario" time="19.816"/>
  <system-out/>
</testsuite> <!-- testrunner.Ex_04_Excel_TestRunner -->
