<?xml version="1.0" encoding="UTF-8"?>
<!-- Generated by org.testng.reporters.JUnitReportReporter -->
<testsuite hostname="INLEN8520074572" failures="0" tests="3" name="testrunner.Ex_02_Blog_TestRunner" time="23.905" errors="0" timestamp="2023-06-07T17:46:29 IST" skipped="0">
  <testcase classname="testrunner.Ex_02_Blog_TestRunner" name="runScenario" time="5.538"/>
  <system-out/>
  <testcase classname="testrunner.Ex_02_Blog_TestRunner" name="runScenario" time="11.868"/>
  <system-out/>
  <testcase classname="testrunner.Ex_02_Blog_TestRunner" name="runScenario" time="6.499"/>
  <system-out/>
</testsuite> <!-- testrunner.Ex_02_Blog_TestRunner -->
