<?xml version="1.0" encoding="UTF-8"?>
<!-- Generated by org.testng.reporters.JUnitReportReporter -->
<testsuite hostname="INLEN8520074572" failures="0" tests="5" name="testrunner.Ex_01_Blog_TestRunner" time="127.246" errors="0" timestamp="2023-06-07T17:49:41 IST" skipped="0">
  <testcase classname="testrunner.Ex_01_Blog_TestRunner" name="runScenario" time="23.273"/>
  <system-out/>
  <testcase classname="testrunner.Ex_01_Blog_TestRunner" name="runScenario" time="29.948"/>
  <system-out/>
  <testcase classname="testrunner.Ex_01_Blog_TestRunner" name="runScenario" time="26.560"/>
  <system-out/>
  <testcase classname="testrunner.Ex_01_Blog_TestRunner" name="runScenario" time="26.850"/>
  <system-out/>
  <testcase classname="testrunner.Ex_01_Blog_TestRunner" name="runScenario" time="20.615"/>
  <system-out/>
</testsuite> <!-- testrunner.Ex_01_Blog_TestRunner -->
