<?xml version="1.0" encoding="UTF-8"?>
<!-- Generated by org.testng.reporters.JUnitReportReporter -->
<testsuite hostname="INLEN8520074572" failures="0" tests="1" name="testrunner.Ex_05_Blog_TestRunner" time="16.735" errors="0" timestamp="2023-06-04T23:32:09 IST" skipped="0">
  <testcase classname="testrunner.Ex_05_Blog_TestRunner" name="runScenario" time="16.735"/>
  <system-out/>
</testsuite> <!-- testrunner.Ex_05_Blog_TestRunner -->
