<?xml version="1.0" encoding="UTF-8"?>
<!-- Generated by org.testng.reporters.JUnitReportReporter -->
<testsuite hostname="INLEN8520074572" failures="0" tests="2" name="testrunner.Blog2_TestRunner" time="6.499" errors="0" timestamp="2023-06-01T01:27:15 IST" skipped="0">
  <testcase classname="testrunner.Blog2_TestRunner" name="runScenario" time="6.496"/>
  <system-out/>
  <testcase classname="testrunner.Blog2_TestRunner" name="runScenario" time="0.003"/>
  <system-out/>
</testsuite> <!-- testrunner.Blog2_TestRunner -->
