<?xml version="1.0" encoding="UTF-8"?>
<!-- Generated by org.testng.reporters.JUnitReportReporter -->
<testsuite hostname="INLEN8520074572" failures="0" tests="1" name="testrunner.Excel_TestRunner" time="24.898" errors="0" timestamp="2023-06-08T11:49:33 IST" skipped="0">
  <testcase classname="testrunner.Excel_TestRunner" name="runScenario" time="24.898"/>
  <system-out/>
</testsuite> <!-- testrunner.Excel_TestRunner -->
