<?xml version="1.0" encoding="UTF-8"?>
<!-- Generated by org.testng.reporters.JUnitReportReporter -->
<testsuite hostname="INLEN8520074572" failures="0" tests="1" name="testrunner.Ex_04_Excel_TestRunner" time="42.102" errors="0" timestamp="2023-06-07T17:52:47 IST" skipped="0">
  <testcase classname="testrunner.Ex_04_Excel_TestRunner" name="runScenario" time="42.102"/>
  <system-out/>
</testsuite> <!-- testrunner.Ex_04_Excel_TestRunner -->
