<?xml version="1.0" encoding="UTF-8"?>
<!-- Generated by org.testng.reporters.JUnitReportReporter -->
<testsuite hostname="INLEN8520074572" failures="0" tests="1" name="testrunner.Ex_03_Blog_TestRunner" time="43.552" errors="0" timestamp="2023-06-06T14:58:09 IST" skipped="0">
  <testcase classname="testrunner.Ex_03_Blog_TestRunner" name="runScenario" time="43.552"/>
  <system-out/>
</testsuite> <!-- testrunner.Ex_03_Blog_TestRunner -->
