<?xml version="1.0" encoding="UTF-8"?>
<!-- Generated by org.testng.reporters.JUnitReportReporter -->
<testsuite hostname="INLEN8520074572" failures="0" tests="1" name="testrunner.Ex_04_Blog_TestRunner" time="43.659" errors="0" timestamp="2023-06-04T23:10:25 IST" skipped="0">
  <testcase classname="testrunner.Ex_04_Blog_TestRunner" name="runScenario" time="43.659"/>
  <system-out/>
</testsuite> <!-- testrunner.Ex_04_Blog_TestRunner -->
