<?xml version="1.0" encoding="UTF-8"?>
<!-- Generated by org.testng.reporters.JUnitReportReporter -->
<testsuite hostname="INLEN8520074572" failures="0" tests="5" name="testrunner.Ex_01_Blog_TestRunner" time="135.436" errors="0" timestamp="2023-06-08T11:49:33 IST" skipped="0">
  <testcase classname="testrunner.Ex_01_Blog_TestRunner" name="runScenario" time="25.643"/>
  <system-out/>
  <testcase classname="testrunner.Ex_01_Blog_TestRunner" name="runScenario" time="38.234"/>
  <system-out/>
  <testcase classname="testrunner.Ex_01_Blog_TestRunner" name="runScenario" time="24.177"/>
  <system-out/>
  <testcase classname="testrunner.Ex_01_Blog_TestRunner" name="runScenario" time="23.881"/>
  <system-out/>
  <testcase classname="testrunner.Ex_01_Blog_TestRunner" name="runScenario" time="23.501"/>
  <system-out/>
</testsuite> <!-- testrunner.Ex_01_Blog_TestRunner -->
