<?xml version="1.0" encoding="UTF-8"?>
<!-- Generated by org.testng.reporters.JUnitReportReporter -->
<testsuite hostname="INLEN8520074572" failures="0" tests="1" name="testrunner.Blog1_TestRunner" time="6.230" errors="0" timestamp="2023-06-01T00:55:59 IST" skipped="0">
  <testcase classname="testrunner.Blog1_TestRunner" name="runScenario" time="6.230"/>
  <system-out/>
</testsuite> <!-- testrunner.Blog1_TestRunner -->
