<?xml version="1.0" encoding="UTF-8"?>
<!-- Generated by org.testng.reporters.JUnitReportReporter -->
<testsuite hostname="INLEN8520074572" failures="0" tests="1" name="testrunner.Blog_TestRunner" time="6.102" errors="0" timestamp="2023-06-01T00:41:37 IST" skipped="0">
  <testcase classname="testrunner.Blog_TestRunner" name="runScenario" time="6.102"/>
  <system-out/>
</testsuite> <!-- testrunner.Blog_TestRunner -->
