<?xml version="1.0" encoding="UTF-8"?>
<!-- Generated by org.testng.reporters.JUnitReportReporter -->
<testsuite hostname="INLEN8520074572" failures="0" tests="3" name="testrunner.Ex_02_Blog_TestRunner" time="25.770" errors="0" timestamp="2023-06-08T11:49:33 IST" skipped="0">
  <testcase classname="testrunner.Ex_02_Blog_TestRunner" name="runScenario" time="6.253"/>
  <system-out/>
  <testcase classname="testrunner.Ex_02_Blog_TestRunner" name="runScenario" time="7.101"/>
  <system-out/>
  <testcase classname="testrunner.Ex_02_Blog_TestRunner" name="runScenario" time="12.416"/>
  <system-out/>
</testsuite> <!-- testrunner.Ex_02_Blog_TestRunner -->
